<?xml version="1.0" encoding="UTF-8"?>
<!-- Generated by org.testng.reporters.JUnitReportReporter -->
<testsuite skipped="0" hostname="Admin-PC" name="sampleGitTest.SampleGitTest" tests="1" failures="0" timestamp="17 Jun 2018 09:31:45 GMT" time="12.216" errors="0">
  <testcase name="loginTest" time="12.216" classname="sampleGitTest.SampleGitTest"/>
</testsuite> <!-- sampleGitTest.SampleGitTest -->
