<?xml version="1.0" encoding="UTF-8"?>
<!-- Generated by org.testng.reporters.JUnitReportReporter -->
<testsuite name="sampleGitTest2.SampleGitTest2" tests="1" time="11.578" ignored="0" failures="0" timestamp="23 Jun 2018 08:57:29 GMT" skipped="0" hostname="Admin-PC" errors="0">
  <testcase name="loginTest" time="11.578" classname="sampleGitTest2.SampleGitTest2"/>
</testsuite> <!-- sampleGitTest2.SampleGitTest2 -->
